current directory: /Users/mutsumisato/projects/sample_app/vendor/bundle/ruby/2.3.0/gems/pg-0.18.4/ext
/System/Library/Frameworks/Ruby.framework/Versions/2.3/usr/bin/ruby -r ./siteconf20180303-66693-ytvmev.rb extconf.rb --with-pg-config=/usr/pgsql-9.3/bin/pg_config
Using config values from /usr/pgsql-9.3/bin/pg_config
sh: /usr/pgsql-9.3/bin/pg_config: No such file or directory
sh: /usr/pgsql-9.3/bin/pg_config: No such file or directory
checking for libpq-fe.h... yes
checking for libpq/libpq-fs.h... yes
checking for pg_config_manual.h... yes
checking for PQconnectdb() in -lpq... yes
checking for PQconnectionUsedPassword()... yes
checking for PQisthreadsafe()... yes
checking for PQprepare()... yes
checking for PQexecParams()... yes
checking for PQescapeString()... yes
checking for PQescapeStringConn()... yes
checking for PQescapeLiteral()... yes
checking for PQescapeIdentifier()... yes
checking for PQgetCancel()... yes
checking for lo_create()... yes
checking for pg_encoding_to_char()... yes
checking for pg_char_to_encoding()... yes
checking for PQsetClientEncoding()... yes
checking for PQlibVersion()... yes
checking for PQping()... yes
checking for PQsetSingleRowMode()... yes
checking for PQconninfo()... yes
checking for rb_encdb_alias()... yes
checking for rb_enc_alias()... yes
checking for rb_thread_call_without_gvl()... yes
checking for rb_thread_call_with_gvl()... yes
checking for rb_thread_fd_select()... yes
checking for rb_w32_wrap_io_handle()... no
checking for rb_str_modify_expand()... yes
checking for rb_hash_dup()... yes
checking for PGRES_COPY_BOTH in libpq-fe.h... yes
checking for PGRES_SINGLE_TUPLE in libpq-fe.h... yes
checking for PG_DIAG_TABLE_NAME in libpq-fe.h... yes
checking for struct pgNotify.extra in libpq-fe.h... yes
checking for unistd.h... yes
checking for inttypes.h... yes
checking for ruby/st.h... yes
checking for C99 variable length arrays... yes
creating extconf.h
creating Makefile

To see why this extension failed to compile, please check the mkmf.log which can be found here:

  /Users/mutsumisato/projects/sample_app/vendor/bundle/ruby/2.3.0/extensions/universal-darwin-17/2.3.0/pg-0.18.4/mkmf.log

current directory: /Users/mutsumisato/projects/sample_app/vendor/bundle/ruby/2.3.0/gems/pg-0.18.4/ext
make "DESTDIR=" clean

current directory: /Users/mutsumisato/projects/sample_app/vendor/bundle/ruby/2.3.0/gems/pg-0.18.4/ext
make "DESTDIR="
compiling pg_type_map_all_strings.c
compiling pg_type_map_by_class.c
compiling pg_result.c
compiling pg_errors.c
compiling util.c
compiling pg_copy_coder.c
compiling pg_binary_encoder.c
compiling pg_type_map_by_oid.c
compiling pg_text_decoder.c
compiling pg_connection.c
pg_connection.c:2394:3: warning: implicit declaration of function 'gettimeofday' is invalid in C99 [-Wimplicit-function-declaration]
                gettimeofday(&currtime, NULL);
                ^
1 warning generated.
compiling pg.c
compiling gvl_wrappers.c
compiling pg_type_map_in_ruby.c
compiling pg_coder.c
compiling pg_text_encoder.c
compiling pg_binary_decoder.c
compiling pg_type_map_by_column.c
compiling pg_type_map.c
compiling pg_type_map_by_mri_type.c
linking shared-object pg_ext.bundle
ld: warning: directory not found for option '-L/BuildRoot/Applications/Xcode.app/Contents/Developer/Platforms/MacOSX.platform/Developer/SDKs/MacOSX10.13.Internal.sdk/usr/local/libressl/lib'
ld: warning: directory not found for option '-L/BuildRoot/Applications/Xcode.app/Contents/Developer/Platforms/MacOSX.platform/Developer/SDKs/MacOSX10.13.Internal.sdk/usr/local/lib'
ld: file not found: dynamic_lookup
clang: error: linker command failed with exit code 1 (use -v to see invocation)
make: *** [pg_ext.bundle] Error 1

make failed, exit code 2
